Release 14.7 - xst P.20131013 (nt64)
Copyright (c) 1995-2013 Xilinx, Inc.  All rights reserved.
--> Parameter TMPDIR set to xst/projnav.tmp


Total REAL time to Xst completion: 0.00 secs
Total CPU time to Xst completion: 0.07 secs
 
--> Parameter xsthdpdir set to xst


Total REAL time to Xst completion: 0.00 secs
Total CPU time to Xst completion: 0.07 secs
 
--> Reading design: FSM_example.prj

TABLE OF CONTENTS
  1) Synthesis Options Summary
  2) HDL Compilation
  3) Design Hierarchy Analysis
  4) HDL Analysis
  5) HDL Synthesis
     5.1) HDL Synthesis Report
  6) Advanced HDL Synthesis
     6.1) Advanced HDL Synthesis Report
  7) Low Level Synthesis
  8) Partition Report
  9) Final Report
	9.1) Device utilization summary
	9.2) Partition Resource Summary
	9.3) TIMING REPORT


=========================================================================
*                      Synthesis Options Summary                        *
=========================================================================
---- Source Parameters
Input File Name                    : "FSM_example.prj"
Input Format                       : mixed
Ignore Synthesis Constraint File   : NO

---- Target Parameters
Output File Name                   : "FSM_example"
Output Format                      : NGC
Target Device                      : xc3s200-4-tq144

---- Source Options
Top Module Name                    : FSM_example
Automatic FSM Extraction           : YES
FSM Encoding Algorithm             : Auto
Safe Implementation                : No
FSM Style                          : LUT
RAM Extraction                     : Yes
RAM Style                          : Auto
ROM Extraction                     : Yes
Mux Style                          : Auto
Decoder Extraction                 : YES
Priority Encoder Extraction        : Yes
Shift Register Extraction          : YES
Logical Shifter Extraction         : YES
XOR Collapsing                     : YES
ROM Style                          : Auto
Mux Extraction                     : Yes
Resource Sharing                   : YES
Asynchronous To Synchronous        : NO
Multiplier Style                   : Auto
Automatic Register Balancing       : No

---- Target Options
Add IO Buffers                     : YES
Global Maximum Fanout              : 500
Add Generic Clock Buffer(BUFG)     : 8
Register Duplication               : YES
Slice Packing                      : YES
Optimize Instantiated Primitives   : NO
Use Clock Enable                   : Yes
Use Synchronous Set                : Yes
Use Synchronous Reset              : Yes
Pack IO Registers into IOBs        : Auto
Equivalent register Removal        : YES

---- General Options
Optimization Goal                  : Speed
Optimization Effort                : 1
Keep Hierarchy                     : No
Netlist Hierarchy                  : As_Optimized
RTL Output                         : Yes
Global Optimization                : AllClockNets
Read Cores                         : YES
Write Timing Constraints           : NO
Cross Clock Analysis               : NO
Hierarchy Separator                : /
Bus Delimiter                      : <>
Case Specifier                     : Maintain
Slice Utilization Ratio            : 100
BRAM Utilization Ratio             : 100
Verilog 2001                       : YES
Auto BRAM Packing                  : NO
Slice Utilization Ratio Delta      : 5

=========================================================================


=========================================================================
*                          HDL Compilation                              *
=========================================================================
Compiling vhdl file "C:/Users/Labcom11/Desktop/FSM_2Pattern/FSM_example.vhd" in Library work.
Entity <fsm_example> compiled.
Entity <fsm_example> (Architecture <behavioral>) compiled.

=========================================================================
*                     Design Hierarchy Analysis                         *
=========================================================================
Analyzing hierarchy for entity <FSM_example> in library <work> (architecture <behavioral>).


=========================================================================
*                            HDL Analysis                               *
=========================================================================
Analyzing Entity <FSM_example> in library <work> (Architecture <behavioral>).
WARNING:Xst:819 - "C:/Users/Labcom11/Desktop/FSM_2Pattern/FSM_example.vhd" line 47: One or more signals are missing in the process sensitivity list. To enable synthesis of FPGA/CPLD hardware, XST will assume that all necessary signals are present in the sensitivity list. Please note that the result of the synthesis may differ from the initial design specification. The missing signals are:
   <sw1>
INFO:Xst:2679 - Register <seg_led> in unit <FSM_example> has a constant value of 1110 during circuit operation. The register is replaced by logic.
Entity <FSM_example> analyzed. Unit <FSM_example> generated.


=========================================================================
*                           HDL Synthesis                               *
=========================================================================

Performing bidirectional port resolution...

Synthesizing Unit <FSM_example>.
    Related source file is "C:/Users/Labcom11/Desktop/FSM_2Pattern/FSM_example.vhd".
WARNING:Xst:1780 - Signal <state> is never used or assigned. This unconnected signal will be trimmed during the optimization process.
    Found finite state machine <FSM_0> for signal <cur_state>.
    -----------------------------------------------------------------------
    | States             | 6                                              |
    | Transitions        | 12                                             |
    | Inputs             | 1                                              |
    | Outputs            | 8                                              |
    | Clock              | clk                       (rising_edge)        |
    | Clock enable       | cur_state$not0000         (negative)           |
    | Power Up State     | s1                                             |
    | Encoding           | automatic                                      |
    | Implementation     | LUT                                            |
    -----------------------------------------------------------------------
    Found 8-bit register for signal <seg7_disp>.
    Found 32-bit up counter for signal <delay>.
    Found 1-bit register for signal <pb_push>.
    Summary:
	inferred   1 Finite State Machine(s).
	inferred   1 Counter(s).
	inferred   9 D-type flip-flop(s).
Unit <FSM_example> synthesized.


=========================================================================
HDL Synthesis Report

Macro Statistics
# Counters                                             : 1
 32-bit up counter                                     : 1
# Registers                                            : 2
 1-bit register                                        : 1
 8-bit register                                        : 1

=========================================================================

=========================================================================
*                       Advanced HDL Synthesis                          *
=========================================================================

Analyzing FSM <FSM_0> for best encoding.
Optimizing FSM <cur_state/FSM> on signal <cur_state[1:3]> with user encoding.
-------------------
 State | Encoding
-------------------
 s1    | 000
 s2    | 001
 s3    | 010
 s4    | 011
 s5    | 100
 s6    | 101
-------------------
WARNING:Xst:1710 - FF/Latch <seg7_disp_0> (without init value) has a constant value of 0 in block <FSM_example>. This FF/Latch will be trimmed during the optimization process.
WARNING:Xst:1895 - Due to other FF/Latch trimming, FF/Latch <seg7_disp_1> (without init value) has a constant value of 0 in block <FSM_example>. This FF/Latch will be trimmed during the optimization process.

=========================================================================
Advanced HDL Synthesis Report

Macro Statistics
# FSMs                                                 : 1
# Counters                                             : 1
 32-bit up counter                                     : 1
# Registers                                            : 9
 Flip-Flops                                            : 9

=========================================================================

=========================================================================
*                         Low Level Synthesis                           *
=========================================================================
WARNING:Xst:1710 - FF/Latch <seg7_disp_0> (without init value) has a constant value of 0 in block <FSM_example>. This FF/Latch will be trimmed during the optimization process.
WARNING:Xst:1895 - Due to other FF/Latch trimming, FF/Latch <seg7_disp_1> (without init value) has a constant value of 0 in block <FSM_example>. This FF/Latch will be trimmed during the optimization process.

Optimizing unit <FSM_example> ...

Mapping all equations...
Building and optimizing final netlist ...
Found area constraint ratio of 100 (+ 5) on block FSM_example, actual ratio is 1.

Final Macro Processing ...

=========================================================================
Final Register Report

Macro Statistics
# Registers                                            : 42
 Flip-Flops                                            : 42

=========================================================================

=========================================================================
*                           Partition Report                            *
=========================================================================

Partition Implementation Status
-------------------------------

  No Partitions were found in this design.

-------------------------------

=========================================================================
*                            Final Report                               *
=========================================================================
Final Results
RTL Top Level Output File Name     : FSM_example.ngr
Top Level Output File Name         : FSM_example
Output Format                      : NGC
Optimization Goal                  : Speed
Keep Hierarchy                     : No

Design Statistics
# IOs                              : 14

Cell Usage :
# BELS                             : 127
#      GND                         : 1
#      INV                         : 4
#      LUT1                        : 31
#      LUT2                        : 4
#      LUT3                        : 5
#      LUT3_L                      : 1
#      LUT4                        : 9
#      LUT4_L                      : 1
#      MUXCY                       : 38
#      VCC                         : 1
#      XORCY                       : 32
# FlipFlops/Latches                : 42
#      FDE                         : 9
#      FDR                         : 33
# Clock Buffers                    : 2
#      BUFGP                       : 2
# IO Buffers                       : 12
#      OBUF                        : 12
=========================================================================

Device utilization summary:
---------------------------

Selected Device : 3s200tq144-4 

 Number of Slices:                       29  out of   1920     1%  
 Number of Slice Flip Flops:             42  out of   3840     1%  
 Number of 4 input LUTs:                 55  out of   3840     1%  
 Number of IOs:                          14
 Number of bonded IOBs:                  14  out of     97    14%  
 Number of GCLKs:                         2  out of      8    25%  

---------------------------
Partition Resource Summary:
---------------------------

  No Partitions were found in this design.

---------------------------


=========================================================================
TIMING REPORT

NOTE: THESE TIMING NUMBERS ARE ONLY A SYNTHESIS ESTIMATE.
      FOR ACCURATE TIMING INFORMATION PLEASE REFER TO THE TRACE REPORT
      GENERATED AFTER PLACE-and-ROUTE.

Clock Information:
------------------
-----------------------------------+------------------------+-------+
Clock Signal                       | Clock buffer(FF name)  | Load  |
-----------------------------------+------------------------+-------+
clk                                | BUFGP                  | 41    |
PB5                                | BUFGP                  | 1     |
-----------------------------------+------------------------+-------+

Asynchronous Control Signals Information:
----------------------------------------
No asynchronous control signals found in this design

Timing Summary:
---------------
Speed Grade: -4

   Minimum period: 7.921ns (Maximum Frequency: 126.245MHz)
   Minimum input arrival time before clock: No path found
   Maximum output required time after clock: 7.165ns
   Maximum combinational path delay: No path found

Timing Detail:
--------------
All values displayed in nanoseconds (ns)

=========================================================================
Timing constraint: Default period analysis for Clock 'clk'
  Clock period: 7.921ns (frequency: 126.245MHz)
  Total number of paths / destination ports: 1861 / 82
-------------------------------------------------------------------------
Delay:               7.921ns (Levels of Logic = 8)
  Source:            delay_21 (FF)
  Destination:       delay_0 (FF)
  Source Clock:      clk rising
  Destination Clock: clk rising

  Data Path: delay_21 to delay_0
                                Gate     Net
    Cell:in->out      fanout   Delay   Delay  Logical Name (Net Name)
    ----------------------------------------  ------------
     FDR:C->Q              2   0.720   1.216  delay_21 (delay_21)
     LUT4:I0->O            1   0.551   0.000  cur_state_cmp_eq00061_wg_lut<1> (cur_state_cmp_eq00061_wg_lut<1>)
     MUXCY:S->O            1   0.500   0.000  cur_state_cmp_eq00061_wg_cy<1> (cur_state_cmp_eq00061_wg_cy<1>)
     MUXCY:CI->O           1   0.064   0.000  cur_state_cmp_eq00061_wg_cy<2> (cur_state_cmp_eq00061_wg_cy<2>)
     MUXCY:CI->O           1   0.064   0.000  cur_state_cmp_eq00061_wg_cy<3> (cur_state_cmp_eq00061_wg_cy<3>)
     MUXCY:CI->O           1   0.064   0.000  cur_state_cmp_eq00061_wg_cy<4> (cur_state_cmp_eq00061_wg_cy<4>)
     MUXCY:CI->O           1   0.064   0.000  cur_state_cmp_eq00061_wg_cy<5> (cur_state_cmp_eq00061_wg_cy<5>)
     MUXCY:CI->O           2   0.303   0.945  cur_state_cmp_eq00061_wg_cy<6> (cur_state_cmp_eq00061_wg_cy<6>)
     LUT3:I2->O           32   0.551   1.853  delay_cmp_eq000015 (delay_cmp_eq0000)
     FDR:R                     1.026          delay_0
    ----------------------------------------
    Total                      7.921ns (3.907ns logic, 4.014ns route)
                                       (49.3% logic, 50.7% route)

=========================================================================
Timing constraint: Default period analysis for Clock 'PB5'
  Clock period: 2.653ns (frequency: 376.932MHz)
  Total number of paths / destination ports: 1 / 1
-------------------------------------------------------------------------
Delay:               2.653ns (Levels of Logic = 0)
  Source:            pb_push (FF)
  Destination:       pb_push (FF)
  Source Clock:      PB5 falling
  Destination Clock: PB5 falling

  Data Path: pb_push to pb_push
                                Gate     Net
    Cell:in->out      fanout   Delay   Delay  Logical Name (Net Name)
    ----------------------------------------  ------------
     FDR:C->Q              3   0.720   0.907  pb_push (pb_push)
     FDR:R                     1.026          pb_push
    ----------------------------------------
    Total                      2.653ns (1.746ns logic, 0.907ns route)
                                       (65.8% logic, 34.2% route)

=========================================================================
Timing constraint: Default OFFSET OUT AFTER for Clock 'clk'
  Total number of paths / destination ports: 6 / 6
-------------------------------------------------------------------------
Offset:              7.165ns (Levels of Logic = 1)
  Source:            seg7_disp_7 (FF)
  Destination:       seg7_disp<7> (PAD)
  Source Clock:      clk rising

  Data Path: seg7_disp_7 to seg7_disp<7>
                                Gate     Net
    Cell:in->out      fanout   Delay   Delay  Logical Name (Net Name)
    ----------------------------------------  ------------
     FDE:C->Q              1   0.720   0.801  seg7_disp_7 (seg7_disp_7)
     OBUF:I->O                 5.644          seg7_disp_7_OBUF (seg7_disp<7>)
    ----------------------------------------
    Total                      7.165ns (6.364ns logic, 0.801ns route)
                                       (88.8% logic, 11.2% route)

=========================================================================


Total REAL time to Xst completion: 4.00 secs
Total CPU time to Xst completion: 3.61 secs
 
--> 

Total memory usage is 255876 kilobytes

Number of errors   :    0 (   0 filtered)
Number of warnings :    6 (   0 filtered)
Number of infos    :    1 (   0 filtered)

