Release 14.7 - xst P.20131013 (nt64)
Copyright (c) 1995-2013 Xilinx, Inc.  All rights reserved.
--> Parameter TMPDIR set to xst/projnav.tmp


Total REAL time to Xst completion: 0.00 secs
Total CPU time to Xst completion: 0.18 secs
 
--> Parameter xsthdpdir set to xst


Total REAL time to Xst completion: 0.00 secs
Total CPU time to Xst completion: 0.19 secs
 
--> Reading design: light_pattern.prj

TABLE OF CONTENTS
  1) Synthesis Options Summary
  2) HDL Compilation
  3) Design Hierarchy Analysis
  4) HDL Analysis
  5) HDL Synthesis
     5.1) HDL Synthesis Report
  6) Advanced HDL Synthesis
     6.1) Advanced HDL Synthesis Report
  7) Low Level Synthesis
  8) Partition Report
  9) Final Report
	9.1) Device utilization summary
	9.2) Partition Resource Summary
	9.3) TIMING REPORT


=========================================================================
*                      Synthesis Options Summary                        *
=========================================================================
---- Source Parameters
Input File Name                    : "light_pattern.prj"
Input Format                       : mixed
Ignore Synthesis Constraint File   : NO

---- Target Parameters
Output File Name                   : "light_pattern"
Output Format                      : NGC
Target Device                      : xc3s200-4-tq144

---- Source Options
Top Module Name                    : light_pattern
Automatic FSM Extraction           : YES
FSM Encoding Algorithm             : Auto
Safe Implementation                : No
FSM Style                          : LUT
RAM Extraction                     : Yes
RAM Style                          : Auto
ROM Extraction                     : Yes
Mux Style                          : Auto
Decoder Extraction                 : YES
Priority Encoder Extraction        : Yes
Shift Register Extraction          : YES
Logical Shifter Extraction         : YES
XOR Collapsing                     : YES
ROM Style                          : Auto
Mux Extraction                     : Yes
Resource Sharing                   : YES
Asynchronous To Synchronous        : NO
Multiplier Style                   : Auto
Automatic Register Balancing       : No

---- Target Options
Add IO Buffers                     : YES
Global Maximum Fanout              : 100000
Add Generic Clock Buffer(BUFG)     : 8
Register Duplication               : YES
Slice Packing                      : YES
Optimize Instantiated Primitives   : NO
Use Clock Enable                   : Yes
Use Synchronous Set                : Yes
Use Synchronous Reset              : Yes
Pack IO Registers into IOBs        : Auto
Equivalent register Removal        : YES

---- General Options
Optimization Goal                  : Speed
Optimization Effort                : 1
Keep Hierarchy                     : No
Netlist Hierarchy                  : As_Optimized
RTL Output                         : Yes
Global Optimization                : AllClockNets
Read Cores                         : YES
Write Timing Constraints           : NO
Cross Clock Analysis               : NO
Hierarchy Separator                : /
Bus Delimiter                      : <>
Case Specifier                     : Maintain
Slice Utilization Ratio            : 100
BRAM Utilization Ratio             : 100
Verilog 2001                       : YES
Auto BRAM Packing                  : NO
Slice Utilization Ratio Delta      : 5

=========================================================================


=========================================================================
*                          HDL Compilation                              *
=========================================================================
Compiling vhdl file "C:/Users/ITreeMan/Desktop/Lab7/light_3pattern/light_pattern.vhd" in Library work.
Entity <light_pattern> compiled.
Entity <light_pattern> (Architecture <Behavioral>) compiled.

=========================================================================
*                     Design Hierarchy Analysis                         *
=========================================================================
Analyzing hierarchy for entity <light_pattern> in library <work> (architecture <Behavioral>).


=========================================================================
*                            HDL Analysis                               *
=========================================================================
Analyzing Entity <light_pattern> in library <work> (Architecture <Behavioral>).
WARNING:Xst:819 - "C:/Users/ITreeMan/Desktop/Lab7/light_3pattern/light_pattern.vhd" line 55: One or more signals are missing in the process sensitivity list. To enable synthesis of FPGA/CPLD hardware, XST will assume that all necessary signals are present in the sensitivity list. Please note that the result of the synthesis may differ from the initial design specification. The missing signals are:
   <b_state>
Entity <light_pattern> analyzed. Unit <light_pattern> generated.


=========================================================================
*                           HDL Synthesis                               *
=========================================================================

Performing bidirectional port resolution...

Synthesizing Unit <light_pattern>.
    Related source file is "C:/Users/ITreeMan/Desktop/Lab7/light_3pattern/light_pattern.vhd".
    Found finite state machine <FSM_0> for signal <cur_state>.
    -----------------------------------------------------------------------
    | States             | 8                                              |
    | Transitions        | 36                                             |
    | Inputs             | 4                                              |
    | Outputs            | 8                                              |
    | Clock              | clk                       (rising_edge)        |
    | Power Up State     | s1                                             |
    | Encoding           | automatic                                      |
    | Implementation     | LUT                                            |
    -----------------------------------------------------------------------
WARNING:Xst:737 - Found 32-bit latch for signal <cur_pattern>. Latches may be generated from incomplete case or if statements. We do not recommend the use of latches in FPGA/CPLD designs, as they may lead to timing problems.
    Found 8-bit register for signal <seg7_disp>.
    Found 1-bit register for signal <b_state>.
    Found 32-bit up counter for signal <count_d>.
    Found 32-bit adder for signal <cur_pattern$addsub0000> created at line 62.
    Found 32-bit comparator greatequal for signal <cur_pattern$cmp_ge0000> created at line 63.
    Found 1-bit register for signal <disp_en>.
    Summary:
	inferred   1 Finite State Machine(s).
	inferred   1 Counter(s).
	inferred  10 D-type flip-flop(s).
	inferred   1 Adder/Subtractor(s).
	inferred   1 Comparator(s).
Unit <light_pattern> synthesized.


=========================================================================
HDL Synthesis Report

Macro Statistics
# Adders/Subtractors                                   : 1
 32-bit adder                                          : 1
# Counters                                             : 1
 32-bit up counter                                     : 1
# Registers                                            : 3
 1-bit register                                        : 2
 8-bit register                                        : 1
# Latches                                              : 1
 32-bit latch                                          : 1
# Comparators                                          : 1
 32-bit comparator greatequal                          : 1

=========================================================================

=========================================================================
*                       Advanced HDL Synthesis                          *
=========================================================================

Analyzing FSM <FSM_0> for best encoding.
Optimizing FSM <cur_state/FSM> on signal <cur_state[1:3]> with user encoding.
-------------------
 State | Encoding
-------------------
 s1    | 000
 s2    | 001
 s3    | 010
 s4    | 011
 s5    | 100
 s6    | 101
 s7    | 110
 s8    | 111
-------------------
WARNING:Xst:1710 - FF/Latch <seg7_disp_0> (without init value) has a constant value of 0 in block <light_pattern>. This FF/Latch will be trimmed during the optimization process.

=========================================================================
Advanced HDL Synthesis Report

Macro Statistics
# FSMs                                                 : 1
# Adders/Subtractors                                   : 1
 32-bit adder                                          : 1
# Counters                                             : 1
 32-bit up counter                                     : 1
# Registers                                            : 10
 Flip-Flops                                            : 10
# Latches                                              : 1
 32-bit latch                                          : 1
# Comparators                                          : 1
 32-bit comparator greatequal                          : 1

=========================================================================

=========================================================================
*                         Low Level Synthesis                           *
=========================================================================
WARNING:Xst:1710 - FF/Latch <seg7_disp_0> (without init value) has a constant value of 0 in block <light_pattern>. This FF/Latch will be trimmed during the optimization process.

Optimizing unit <light_pattern> ...

Mapping all equations...
Building and optimizing final netlist ...
Found area constraint ratio of 100 (+ 5) on block light_pattern, actual ratio is 4.

Final Macro Processing ...

=========================================================================
Final Register Report

Macro Statistics
# Registers                                            : 44
 Flip-Flops                                            : 44

=========================================================================

=========================================================================
*                           Partition Report                            *
=========================================================================

Partition Implementation Status
-------------------------------

  No Partitions were found in this design.

-------------------------------

=========================================================================
*                            Final Report                               *
=========================================================================
Final Results
RTL Top Level Output File Name     : light_pattern.ngr
Top Level Output File Name         : light_pattern
Output Format                      : NGC
Optimization Goal                  : Speed
Keep Hierarchy                     : No

Design Statistics
# IOs                              : 11

Cell Usage :
# BELS                             : 300
#      GND                         : 1
#      INV                         : 5
#      LUT1                        : 62
#      LUT2                        : 40
#      LUT3                        : 4
#      LUT4                        : 32
#      LUT4_L                      : 2
#      MUXCY                       : 88
#      MUXF5                       : 1
#      VCC                         : 1
#      XORCY                       : 64
# FlipFlops/Latches                : 76
#      FD                          : 2
#      FDR                         : 40
#      FDS                         : 2
#      LD                          : 32
# Clock Buffers                    : 3
#      BUFG                        : 1
#      BUFGP                       : 2
# IO Buffers                       : 9
#      OBUF                        : 9
=========================================================================

Device utilization summary:
---------------------------

Selected Device : 3s200tq144-4 

 Number of Slices:                       76  out of   1920     3%  
 Number of Slice Flip Flops:             76  out of   3840     1%  
 Number of 4 input LUTs:                145  out of   3840     3%  
 Number of IOs:                          11
 Number of bonded IOBs:                  11  out of     97    11%  
 Number of GCLKs:                         3  out of      8    37%  

---------------------------
Partition Resource Summary:
---------------------------

  No Partitions were found in this design.

---------------------------


=========================================================================
TIMING REPORT

NOTE: THESE TIMING NUMBERS ARE ONLY A SYNTHESIS ESTIMATE.
      FOR ACCURATE TIMING INFORMATION PLEASE REFER TO THE TRACE REPORT
      GENERATED AFTER PLACE-and-ROUTE.

Clock Information:
------------------
-----------------------------------+------------------------+-------+
Clock Signal                       | Clock buffer(FF name)  | Load  |
-----------------------------------+------------------------+-------+
clk                                | BUFGP                  | 43    |
b_state1                           | BUFG                   | 32    |
sw1                                | BUFGP                  | 1     |
-----------------------------------+------------------------+-------+

Asynchronous Control Signals Information:
----------------------------------------
No asynchronous control signals found in this design

Timing Summary:
---------------
Speed Grade: -4

   Minimum period: 7.889ns (Maximum Frequency: 126.762MHz)
   Minimum input arrival time before clock: No path found
   Maximum output required time after clock: 7.165ns
   Maximum combinational path delay: No path found

Timing Detail:
--------------
All values displayed in nanoseconds (ns)

=========================================================================
Timing constraint: Default period analysis for Clock 'clk'
  Clock period: 7.889ns (frequency: 126.762MHz)
  Total number of paths / destination ports: 1628 / 83
-------------------------------------------------------------------------
Delay:               7.889ns (Levels of Logic = 10)
  Source:            count_d_8 (FF)
  Destination:       disp_en (FF)
  Source Clock:      clk rising
  Destination Clock: clk rising

  Data Path: count_d_8 to disp_en
                                Gate     Net
    Cell:in->out      fanout   Delay   Delay  Logical Name (Net Name)
    ----------------------------------------  ------------
     FDR:C->Q              2   0.720   1.216  count_d_8 (count_d_8)
     LUT4:I0->O            1   0.551   0.000  count_d_cmp_eq0000_wg_lut<0> (count_d_cmp_eq0000_wg_lut<0>)
     MUXCY:S->O            1   0.500   0.000  count_d_cmp_eq0000_wg_cy<0> (count_d_cmp_eq0000_wg_cy<0>)
     MUXCY:CI->O           1   0.064   0.000  count_d_cmp_eq0000_wg_cy<1> (count_d_cmp_eq0000_wg_cy<1>)
     MUXCY:CI->O           1   0.064   0.000  count_d_cmp_eq0000_wg_cy<2> (count_d_cmp_eq0000_wg_cy<2>)
     MUXCY:CI->O           1   0.064   0.000  count_d_cmp_eq0000_wg_cy<3> (count_d_cmp_eq0000_wg_cy<3>)
     MUXCY:CI->O           1   0.064   0.000  count_d_cmp_eq0000_wg_cy<4> (count_d_cmp_eq0000_wg_cy<4>)
     MUXCY:CI->O           1   0.064   0.000  count_d_cmp_eq0000_wg_cy<5> (count_d_cmp_eq0000_wg_cy<5>)
     MUXCY:CI->O           1   0.064   0.000  count_d_cmp_eq0000_wg_cy<6> (count_d_cmp_eq0000_wg_cy<6>)
     MUXCY:CI->O          33   0.281   1.859  count_d_cmp_eq0000_wg_cy<7> (count_d_cmp_eq0000)
     INV:I->O              1   0.551   0.801  disp_en_not00011_INV_0 (disp_en_not0001)
     FDR:R                     1.026          disp_en
    ----------------------------------------
    Total                      7.889ns (4.013ns logic, 3.876ns route)
                                       (50.9% logic, 49.1% route)

=========================================================================
Timing constraint: Default period analysis for Clock 'b_state1'
  Clock period: 7.651ns (frequency: 130.702MHz)
  Total number of paths / destination ports: 1552 / 32
-------------------------------------------------------------------------
Delay:               7.651ns (Levels of Logic = 33)
  Source:            cur_pattern_1 (LATCH)
  Destination:       cur_pattern_31 (LATCH)
  Source Clock:      b_state1 falling
  Destination Clock: b_state1 falling

  Data Path: cur_pattern_1 to cur_pattern_31
                                Gate     Net
    Cell:in->out      fanout   Delay   Delay  Logical Name (Net Name)
    ----------------------------------------  ------------
     LD:G->Q              12   0.633   1.457  cur_pattern_1 (cur_pattern_1)
     LUT1:I0->O            1   0.551   0.000  Madd_cur_pattern_addsub0000_cy<1>_rt (Madd_cur_pattern_addsub0000_cy<1>_rt)
     MUXCY:S->O            1   0.500   0.000  Madd_cur_pattern_addsub0000_cy<1> (Madd_cur_pattern_addsub0000_cy<1>)
     MUXCY:CI->O           1   0.064   0.000  Madd_cur_pattern_addsub0000_cy<2> (Madd_cur_pattern_addsub0000_cy<2>)
     MUXCY:CI->O           1   0.064   0.000  Madd_cur_pattern_addsub0000_cy<3> (Madd_cur_pattern_addsub0000_cy<3>)
     MUXCY:CI->O           1   0.064   0.000  Madd_cur_pattern_addsub0000_cy<4> (Madd_cur_pattern_addsub0000_cy<4>)
     MUXCY:CI->O           1   0.064   0.000  Madd_cur_pattern_addsub0000_cy<5> (Madd_cur_pattern_addsub0000_cy<5>)
     MUXCY:CI->O           1   0.064   0.000  Madd_cur_pattern_addsub0000_cy<6> (Madd_cur_pattern_addsub0000_cy<6>)
     MUXCY:CI->O           1   0.064   0.000  Madd_cur_pattern_addsub0000_cy<7> (Madd_cur_pattern_addsub0000_cy<7>)
     MUXCY:CI->O           1   0.064   0.000  Madd_cur_pattern_addsub0000_cy<8> (Madd_cur_pattern_addsub0000_cy<8>)
     MUXCY:CI->O           1   0.064   0.000  Madd_cur_pattern_addsub0000_cy<9> (Madd_cur_pattern_addsub0000_cy<9>)
     MUXCY:CI->O           1   0.064   0.000  Madd_cur_pattern_addsub0000_cy<10> (Madd_cur_pattern_addsub0000_cy<10>)
     MUXCY:CI->O           1   0.064   0.000  Madd_cur_pattern_addsub0000_cy<11> (Madd_cur_pattern_addsub0000_cy<11>)
     MUXCY:CI->O           1   0.064   0.000  Madd_cur_pattern_addsub0000_cy<12> (Madd_cur_pattern_addsub0000_cy<12>)
     MUXCY:CI->O           1   0.064   0.000  Madd_cur_pattern_addsub0000_cy<13> (Madd_cur_pattern_addsub0000_cy<13>)
     MUXCY:CI->O           1   0.064   0.000  Madd_cur_pattern_addsub0000_cy<14> (Madd_cur_pattern_addsub0000_cy<14>)
     MUXCY:CI->O           1   0.064   0.000  Madd_cur_pattern_addsub0000_cy<15> (Madd_cur_pattern_addsub0000_cy<15>)
     MUXCY:CI->O           1   0.064   0.000  Madd_cur_pattern_addsub0000_cy<16> (Madd_cur_pattern_addsub0000_cy<16>)
     MUXCY:CI->O           1   0.064   0.000  Madd_cur_pattern_addsub0000_cy<17> (Madd_cur_pattern_addsub0000_cy<17>)
     MUXCY:CI->O           1   0.064   0.000  Madd_cur_pattern_addsub0000_cy<18> (Madd_cur_pattern_addsub0000_cy<18>)
     MUXCY:CI->O           1   0.064   0.000  Madd_cur_pattern_addsub0000_cy<19> (Madd_cur_pattern_addsub0000_cy<19>)
     MUXCY:CI->O           1   0.064   0.000  Madd_cur_pattern_addsub0000_cy<20> (Madd_cur_pattern_addsub0000_cy<20>)
     MUXCY:CI->O           1   0.064   0.000  Madd_cur_pattern_addsub0000_cy<21> (Madd_cur_pattern_addsub0000_cy<21>)
     MUXCY:CI->O           1   0.064   0.000  Madd_cur_pattern_addsub0000_cy<22> (Madd_cur_pattern_addsub0000_cy<22>)
     MUXCY:CI->O           1   0.064   0.000  Madd_cur_pattern_addsub0000_cy<23> (Madd_cur_pattern_addsub0000_cy<23>)
     MUXCY:CI->O           1   0.064   0.000  Madd_cur_pattern_addsub0000_cy<24> (Madd_cur_pattern_addsub0000_cy<24>)
     MUXCY:CI->O           1   0.064   0.000  Madd_cur_pattern_addsub0000_cy<25> (Madd_cur_pattern_addsub0000_cy<25>)
     MUXCY:CI->O           1   0.064   0.000  Madd_cur_pattern_addsub0000_cy<26> (Madd_cur_pattern_addsub0000_cy<26>)
     MUXCY:CI->O           1   0.064   0.000  Madd_cur_pattern_addsub0000_cy<27> (Madd_cur_pattern_addsub0000_cy<27>)
     MUXCY:CI->O           1   0.064   0.000  Madd_cur_pattern_addsub0000_cy<28> (Madd_cur_pattern_addsub0000_cy<28>)
     MUXCY:CI->O           1   0.064   0.000  Madd_cur_pattern_addsub0000_cy<29> (Madd_cur_pattern_addsub0000_cy<29>)
     MUXCY:CI->O           0   0.064   0.000  Madd_cur_pattern_addsub0000_cy<30> (Madd_cur_pattern_addsub0000_cy<30>)
     XORCY:CI->O           1   0.904   0.996  Madd_cur_pattern_addsub0000_xor<31> (cur_pattern_addsub0000<31>)
     LUT2:I1->O            1   0.551   0.000  cur_pattern_mux0001<0>1 (cur_pattern_mux0001<0>)
     LD:D                      0.203          cur_pattern_31
    ----------------------------------------
    Total                      7.651ns (5.198ns logic, 2.453ns route)
                                       (67.9% logic, 32.1% route)

=========================================================================
Timing constraint: Default period analysis for Clock 'sw1'
  Clock period: 2.623ns (frequency: 381.243MHz)
  Total number of paths / destination ports: 1 / 1
-------------------------------------------------------------------------
Delay:               2.623ns (Levels of Logic = 0)
  Source:            b_state (FF)
  Destination:       b_state (FF)
  Source Clock:      sw1 rising
  Destination Clock: sw1 rising

  Data Path: b_state to b_state
                                Gate     Net
    Cell:in->out      fanout   Delay   Delay  Logical Name (Net Name)
    ----------------------------------------  ------------
     FDR:C->Q              2   0.720   0.877  b_state (b_state1)
     FDR:R                     1.026          b_state
    ----------------------------------------
    Total                      2.623ns (1.746ns logic, 0.877ns route)
                                       (66.6% logic, 33.4% route)

=========================================================================
Timing constraint: Default OFFSET OUT AFTER for Clock 'clk'
  Total number of paths / destination ports: 7 / 7
-------------------------------------------------------------------------
Offset:              7.165ns (Levels of Logic = 1)
  Source:            seg7_disp_7 (FF)
  Destination:       seg7_disp<7> (PAD)
  Source Clock:      clk rising

  Data Path: seg7_disp_7 to seg7_disp<7>
                                Gate     Net
    Cell:in->out      fanout   Delay   Delay  Logical Name (Net Name)
    ----------------------------------------  ------------
     FDR:C->Q              1   0.720   0.801  seg7_disp_7 (seg7_disp_7)
     OBUF:I->O                 5.644          seg7_disp_7_OBUF (seg7_disp<7>)
    ----------------------------------------
    Total                      7.165ns (6.364ns logic, 0.801ns route)
                                       (88.8% logic, 11.2% route)

=========================================================================


Total REAL time to Xst completion: 6.00 secs
Total CPU time to Xst completion: 6.61 secs
 
--> 

Total memory usage is 4534856 kilobytes

Number of errors   :    0 (   0 filtered)
Number of warnings :    4 (   0 filtered)
Number of infos    :    0 (   0 filtered)

